<?xml version="1.0" encoding="UTF-8"?>
<testng-results ignored="0" total="1" passed="1" failed="0" skipped="0">
  <reporter-output>
  </reporter-output>
  <suite started-at="2024-07-24T21:26:45 IST" name="Suite" finished-at="2024-07-24T21:26:54 IST" duration-ms="8657">
    <groups>
    </groups>
    <test started-at="2024-07-24T21:26:45 IST" name="Test" finished-at="2024-07-24T21:26:54 IST" duration-ms="8657">
      <class name="com.ui_automation.tests.SIgnUp_To_Get_userCredentials">
        <test-method is-config="true" signature="LaunchBrowser()[pri:0, instance:com.ui_automation.tests.SIgnUp_To_Get_userCredentials@6bd61f98]" started-at="2024-07-24T21:26:45 IST" name="LaunchBrowser" finished-at="2024-07-24T21:26:50 IST" duration-ms="4767" status="PASS">
          <reporter-output>
          </reporter-output>
        </test-method> <!-- LaunchBrowser -->
        <test-method signature="signUp()[pri:0, instance:com.ui_automation.tests.SIgnUp_To_Get_userCredentials@6bd61f98]" started-at="2024-07-24T21:26:50 IST" name="signUp" finished-at="2024-07-24T21:26:54 IST" duration-ms="3649" status="PASS">
          <reporter-output>
          </reporter-output>
        </test-method> <!-- signUp -->
        <test-method is-config="true" signature="closeBrowser()[pri:0, instance:com.ui_automation.tests.SIgnUp_To_Get_userCredentials@6bd61f98]" started-at="2024-07-24T21:26:54 IST" name="closeBrowser" finished-at="2024-07-24T21:26:54 IST" duration-ms="101" status="PASS">
          <reporter-output>
          </reporter-output>
        </test-method> <!-- closeBrowser -->
      </class> <!-- com.ui_automation.tests.SIgnUp_To_Get_userCredentials -->
    </test> <!-- Test -->
  </suite> <!-- Suite -->
</testng-results>
